2025-10-23 19:07:23,195 - INFO - ======================================================================
2025-10-23 19:07:23,196 - INFO - Starting audio processing pipeline
2025-10-23 19:07:23,196 - INFO - Data directory: data/all-audio
2025-10-23 19:07:23,196 - INFO - Output file: detections_master.csv
2025-10-23 19:07:23,196 - INFO - Min confidence: 0.25
2025-10-23 19:07:23,196 - INFO - ======================================================================
2025-10-23 19:07:23,199 - INFO - Found 371 WAV files to process
2025-10-23 19:07:23,199 - INFO - Initializing BirdNET analyzer...
2025-10-23 19:07:23,529 - INFO - [1/371] Processing: 1_S7899_20250204_000000(UTC+7).wav
2025-10-23 19:07:41,983 - INFO -   -> Found 5 detections
2025-10-23 19:07:41,984 - INFO - [2/371] Processing: 1_S7899_20250204_001500(UTC+7).wav
2025-10-23 19:07:56,830 - INFO -   -> No detections
2025-10-23 19:07:56,831 - INFO - [3/371] Processing: 1_S7899_20250204_003000(UTC+7).wav
2025-10-23 19:08:11,165 - INFO -   -> No detections
2025-10-23 19:08:11,165 - INFO - [4/371] Processing: 1_S7899_20250204_004500(UTC+7).wav
2025-10-23 19:08:25,948 - INFO -   -> Found 4 detections
2025-10-23 19:08:25,949 - INFO - [5/371] Processing: 1_S7899_20250204_010000(UTC+7).wav
2025-10-23 19:08:40,734 - INFO -   -> Found 8 detections
2025-10-23 19:08:40,735 - INFO - [6/371] Processing: 1_S7899_20250204_011500(UTC+7).wav
2025-10-23 19:08:55,917 - INFO -   -> Found 23 detections
2025-10-23 19:08:55,919 - INFO - [7/371] Processing: 1_S7899_20250204_013000(UTC+7).wav
2025-10-23 19:09:10,542 - INFO -   -> Found 4 detections
2025-10-23 19:09:10,543 - INFO - [8/371] Processing: 1_S7899_20250204_014500(UTC+7).wav
2025-10-23 19:09:25,278 - INFO -   -> Found 5 detections
2025-10-23 19:09:25,279 - INFO - [9/371] Processing: 1_S7899_20250204_020000(UTC+7).wav
2025-10-23 19:09:39,728 - INFO -   -> Found 1 detections
2025-10-23 19:09:39,729 - INFO - [10/371] Processing: 1_S7899_20250204_021500(UTC+7).wav
2025-10-23 19:09:54,508 - INFO -   -> No detections
2025-10-23 19:09:54,509 - INFO - [11/371] Processing: 1_S7899_20250204_023000(UTC+7).wav
2025-10-23 19:10:09,235 - INFO -   -> No detections
2025-10-23 19:10:09,236 - INFO - [12/371] Processing: 1_S7899_20250204_024500(UTC+7).wav
2025-10-23 19:10:23,909 - INFO -   -> Found 1 detections
2025-10-23 19:10:23,910 - INFO - [13/371] Processing: 1_S7899_20250204_030000(UTC+7).wav
2025-10-23 19:10:38,645 - INFO -   -> No detections
2025-10-23 19:10:38,645 - INFO - [14/371] Processing: 1_S7899_20250204_031500(UTC+7).wav
2025-10-23 19:10:53,215 - INFO -   -> No detections
2025-10-23 19:10:53,216 - INFO - [15/371] Processing: 1_S7899_20250204_033000(UTC+7).wav
2025-10-23 19:11:07,709 - INFO -   -> Found 1 detections
2025-10-23 19:11:07,710 - INFO - [16/371] Processing: 1_S7899_20250204_034500(UTC+7).wav
2025-10-23 19:11:22,271 - INFO -   -> Found 1 detections
2025-10-23 19:11:22,272 - INFO - [17/371] Processing: 1_S7899_20250204_040000(UTC+7).wav
2025-10-23 19:11:37,034 - INFO -   -> No detections
2025-10-23 19:11:37,035 - INFO - [18/371] Processing: 1_S7899_20250204_041500(UTC+7).wav
2025-10-23 19:11:51,728 - INFO -   -> No detections
2025-10-23 19:11:51,729 - INFO - [19/371] Processing: 1_S7899_20250204_043000(UTC+7).wav
2025-10-23 19:12:06,341 - INFO -   -> No detections
2025-10-23 19:12:06,342 - INFO - [20/371] Processing: 1_S7899_20250204_044500(UTC+7).wav
2025-10-23 19:12:21,054 - INFO -   -> Found 3 detections
2025-10-23 19:12:21,054 - INFO - [21/371] Processing: 1_S7899_20250204_050000(UTC+7).wav
2025-10-23 19:12:35,578 - INFO -   -> Found 3 detections
2025-10-23 19:12:35,579 - INFO - [22/371] Processing: 1_S7899_20250204_051500(UTC+7).wav
2025-10-23 19:12:50,104 - INFO -   -> Found 1 detections
2025-10-23 19:12:50,106 - INFO - [23/371] Processing: 1_S7899_20250204_053000(UTC+7).wav
2025-10-23 19:13:04,775 - INFO -   -> Found 5 detections
2025-10-23 19:13:04,777 - INFO - [24/371] Processing: 1_S7899_20250204_054500(UTC+7).wav
2025-10-23 19:13:19,388 - INFO -   -> Found 13 detections
2025-10-23 19:13:19,388 - INFO - [25/371] Processing: 1_S7899_20250204_060000(UTC+7).wav
2025-10-23 19:13:33,919 - INFO -   -> Found 14 detections
2025-10-23 19:13:33,920 - INFO - [26/371] Processing: 1_S7899_20250204_063011(UTC+7).wav
2025-10-23 19:13:48,274 - INFO -   -> Found 6 detections
2025-10-23 19:13:48,275 - INFO - [27/371] Processing: 1_S7899_20250204_064500(UTC+7).wav
2025-10-23 19:14:03,016 - INFO -   -> No detections
2025-10-23 19:14:03,017 - INFO - [28/371] Processing: 1_S7899_20250204_070000(UTC+7).wav
2025-10-23 19:14:17,605 - INFO -   -> Found 32 detections
2025-10-23 19:14:17,607 - INFO - [29/371] Processing: 1_S7899_20250204_071500(UTC+7).wav
2025-10-23 19:14:32,262 - INFO -   -> Found 44 detections
2025-10-23 19:14:32,262 - INFO - [30/371] Processing: 1_S7899_20250204_073000(UTC+7).wav
2025-10-23 19:14:46,929 - INFO -   -> Found 45 detections
2025-10-23 19:14:46,930 - INFO - [31/371] Processing: 1_S7899_20250204_074500(UTC+7).wav
2025-10-23 19:15:01,647 - INFO -   -> Found 21 detections
2025-10-23 19:15:01,648 - INFO - [32/371] Processing: 1_S7899_20250204_080000(UTC+7).wav
2025-10-23 19:15:16,401 - INFO -   -> Found 21 detections
2025-10-23 19:15:16,401 - INFO - [33/371] Processing: 1_S7899_20250204_081500(UTC+7).wav
2025-10-23 19:15:31,197 - INFO -   -> Found 32 detections
2025-10-23 19:15:31,198 - INFO - [34/371] Processing: 1_S7899_20250204_083000(UTC+7).wav
2025-10-23 19:15:45,987 - INFO -   -> Found 32 detections
2025-10-23 19:15:45,988 - INFO - [35/371] Processing: 1_S7899_20250204_084500(UTC+7).wav
2025-10-23 19:16:00,703 - INFO -   -> Found 26 detections
2025-10-23 19:16:00,704 - INFO - [36/371] Processing: 1_S7899_20250204_090000(UTC+7).wav
2025-10-23 19:16:15,276 - INFO -   -> Found 31 detections
2025-10-23 19:16:15,277 - INFO - [37/371] Processing: 1_S7899_20250204_091500(UTC+7).wav
2025-10-23 19:16:29,890 - INFO -   -> Found 11 detections
2025-10-23 19:16:29,890 - INFO - [38/371] Processing: 1_S7899_20250204_093000(UTC+7).wav
2025-10-23 19:16:44,612 - INFO -   -> Found 47 detections
2025-10-23 19:16:44,613 - INFO - [39/371] Processing: 1_S7899_20250204_094500(UTC+7).wav
2025-10-23 19:16:59,345 - INFO -   -> Found 25 detections
2025-10-23 19:16:59,346 - INFO - [40/371] Processing: 1_S7899_20250204_100000(UTC+7).wav
2025-10-23 19:17:14,138 - INFO -   -> Found 24 detections
2025-10-23 19:17:14,138 - INFO - [41/371] Processing: 1_S7899_20250204_101500(UTC+7).wav
2025-10-23 19:17:28,743 - INFO -   -> Found 24 detections
2025-10-23 19:17:28,744 - INFO - [42/371] Processing: 1_S7899_20250204_103000(UTC+7).wav
2025-10-23 19:17:43,325 - INFO -   -> Found 27 detections
2025-10-23 19:17:43,326 - INFO - [43/371] Processing: 1_S7899_20250204_104500(UTC+7).wav
2025-10-23 19:17:57,806 - INFO -   -> Found 13 detections
2025-10-23 19:17:57,807 - INFO - [44/371] Processing: 1_S7899_20250204_110000(UTC+7).wav
2025-10-23 19:18:12,599 - INFO -   -> Found 41 detections
2025-10-23 19:18:12,599 - INFO - [45/371] Processing: 1_S7899_20250204_111500(UTC+7).wav
2025-10-23 19:18:27,601 - INFO -   -> Found 14 detections
2025-10-23 19:18:27,602 - INFO - [46/371] Processing: 1_S7899_20250204_113000(UTC+7).wav
2025-10-23 19:18:42,417 - INFO -   -> Found 13 detections
2025-10-23 19:18:42,419 - INFO - [47/371] Processing: 1_S7899_20250204_114500(UTC+7).wav
2025-10-23 19:18:57,013 - INFO -   -> Found 1 detections
2025-10-23 19:18:57,015 - INFO - [48/371] Processing: 1_S7899_20250204_120000(UTC+7).wav
2025-10-23 19:19:11,578 - INFO -   -> Found 4 detections
2025-10-23 19:19:11,578 - INFO - [49/371] Processing: 1_S7899_20250204_121500(UTC+7).wav
2025-10-23 19:19:26,193 - INFO -   -> Found 7 detections
2025-10-23 19:19:26,194 - INFO - [50/371] Processing: 1_S7899_20250204_123000(UTC+7).wav
2025-10-23 19:19:40,985 - INFO -   -> Found 16 detections
2025-10-23 19:19:41,017 - INFO - Checkpoint saved: 649 records
2025-10-23 19:19:41,018 - INFO - [51/371] Processing: 1_S7899_20250204_124500(UTC+7).wav
2025-10-23 19:19:55,630 - INFO -   -> Found 5 detections
2025-10-23 19:19:55,631 - INFO - [52/371] Processing: 1_S7899_20250204_130000(UTC+7).wav
2025-10-23 19:20:10,202 - INFO -   -> Found 3 detections
2025-10-23 19:20:10,203 - INFO - [53/371] Processing: 1_S7899_20250204_131500(UTC+7).wav
2025-10-23 19:20:24,687 - INFO -   -> Found 1 detections
2025-10-23 19:20:24,687 - INFO - [54/371] Processing: 1_S7899_20250204_133000(UTC+7).wav
2025-10-23 19:20:39,427 - INFO -   -> Found 8 detections
2025-10-23 19:20:39,428 - INFO - [55/371] Processing: 1_S7899_20250204_134500(UTC+7).wav
2025-10-23 19:20:54,022 - INFO -   -> Found 15 detections
2025-10-23 19:20:54,022 - INFO - [56/371] Processing: 1_S7899_20250204_140000(UTC+7).wav
2025-10-23 19:21:08,707 - INFO -   -> Found 2 detections
2025-10-23 19:21:08,708 - INFO - [57/371] Processing: 1_S7899_20250204_141500(UTC+7).wav
2025-10-23 19:21:23,331 - INFO -   -> Found 12 detections
2025-10-23 19:21:23,332 - INFO - [58/371] Processing: 1_S7899_20250204_143000(UTC+7).wav
2025-10-23 19:21:37,774 - INFO -   -> Found 6 detections
2025-10-23 19:21:37,775 - INFO - [59/371] Processing: 1_S7899_20250204_144500(UTC+7).wav
2025-10-23 19:21:52,366 - INFO -   -> Found 16 detections
2025-10-23 19:21:52,367 - INFO - [60/371] Processing: 1_S7899_20250204_150000(UTC+7).wav
2025-10-23 19:22:06,946 - INFO -   -> Found 7 detections
2025-10-23 19:22:06,946 - INFO - [61/371] Processing: 1_S7899_20250204_151500(UTC+7).wav
2025-10-23 19:22:21,680 - INFO -   -> Found 8 detections
2025-10-23 19:22:21,681 - INFO - [62/371] Processing: 1_S7899_20250204_153000(UTC+7).wav
2025-10-23 19:22:36,457 - INFO -   -> Found 34 detections
2025-10-23 19:22:36,457 - INFO - [63/371] Processing: 1_S7899_20250204_154500(UTC+7).wav
2025-10-23 19:22:51,067 - INFO -   -> Found 36 detections
2025-10-23 19:22:51,068 - INFO - [64/371] Processing: 1_S7899_20250204_160000(UTC+7).wav
2025-10-23 19:23:05,722 - INFO -   -> Found 22 detections
2025-10-23 19:23:05,723 - INFO - [65/371] Processing: 1_S7899_20250204_161500(UTC+7).wav
2025-10-23 19:23:20,330 - INFO -   -> Found 18 detections
2025-10-23 19:23:20,331 - INFO - [66/371] Processing: 1_S7899_20250204_163000(UTC+7).wav
2025-10-23 19:23:34,875 - INFO -   -> Found 26 detections
2025-10-23 19:23:34,876 - INFO - [67/371] Processing: 1_S7899_20250204_164500(UTC+7).wav
2025-10-23 19:23:49,763 - INFO -   -> Found 11 detections
2025-10-23 19:23:49,765 - INFO - [68/371] Processing: 1_S7899_20250204_170000(UTC+7).wav
2025-10-23 19:24:04,306 - INFO -   -> Found 25 detections
2025-10-23 19:24:04,307 - INFO - [69/371] Processing: 1_S7899_20250204_171500(UTC+7).wav
2025-10-23 19:24:19,020 - INFO -   -> Found 29 detections
2025-10-23 19:24:19,022 - INFO - [70/371] Processing: 1_S7899_20250204_173000(UTC+7).wav
2025-10-23 19:24:33,573 - INFO -   -> Found 24 detections
2025-10-23 19:24:33,573 - INFO - [71/371] Processing: 1_S7899_20250204_174500(UTC+7).wav
2025-10-23 19:24:48,339 - INFO -   -> Found 3 detections
2025-10-23 19:24:48,340 - INFO - [72/371] Processing: 1_S7899_20250204_180000(UTC+7).wav
2025-10-23 19:25:03,198 - INFO -   -> Found 54 detections
2025-10-23 19:25:03,199 - INFO - [73/371] Processing: 1_S7899_20250204_181500(UTC+7).wav
2025-10-23 19:25:17,949 - INFO -   -> Found 62 detections
2025-10-23 19:25:17,950 - INFO - [74/371] Processing: 1_S7899_20250204_183000(UTC+7).wav
2025-10-23 19:25:32,442 - INFO -   -> Found 99 detections
2025-10-23 19:25:32,443 - INFO - [75/371] Processing: 1_S7899_20250204_184500(UTC+7).wav
2025-10-23 19:25:47,184 - INFO -   -> Found 114 detections
2025-10-23 19:25:47,184 - INFO - [76/371] Processing: 1_S7899_20250204_190000(UTC+7).wav
2025-10-23 19:26:01,695 - INFO -   -> Found 81 detections
2025-10-23 19:26:01,696 - INFO - [77/371] Processing: 1_S7899_20250204_191500(UTC+7).wav
2025-10-23 19:26:16,456 - INFO -   -> Found 33 detections
2025-10-23 19:26:16,457 - INFO - [78/371] Processing: 1_S7899_20250204_193000(UTC+7).wav
2025-10-23 19:26:31,030 - INFO -   -> Found 35 detections
2025-10-23 19:26:31,030 - INFO - [79/371] Processing: 1_S7899_20250204_194500(UTC+7).wav
2025-10-23 19:26:45,867 - INFO -   -> Found 20 detections
2025-10-23 19:26:45,868 - INFO - [80/371] Processing: 1_S7899_20250204_200000(UTC+7).wav
2025-10-23 19:27:00,501 - INFO -   -> Found 12 detections
2025-10-23 19:27:00,503 - WARNING - [81/371] Skipped (invalid filename): 1_S7899_20250206_163000(+0700).wav
2025-10-23 19:27:00,503 - INFO - [82/371] Processing: 3_S7901_20250204_000000(UTC+7).wav
2025-10-23 19:27:14,998 - INFO -   -> No detections
2025-10-23 19:27:14,999 - INFO - [83/371] Processing: 3_S7901_20250204_001500(UTC+7).wav
2025-10-23 19:27:29,643 - INFO -   -> Found 1 detections
2025-10-23 19:27:29,644 - INFO - [84/371] Processing: 3_S7901_20250204_003000(UTC+7).wav
2025-10-23 19:27:44,252 - INFO -   -> No detections
2025-10-23 19:27:44,253 - INFO - [85/371] Processing: 3_S7901_20250204_004500(UTC+7).wav
2025-10-23 19:27:58,831 - INFO -   -> Found 4 detections
2025-10-23 19:27:58,832 - INFO - [86/371] Processing: 3_S7901_20250204_010000(UTC+7).wav
2025-10-23 19:28:13,526 - INFO -   -> Found 32 detections
2025-10-23 19:28:13,526 - INFO - [87/371] Processing: 3_S7901_20250204_011500(UTC+7).wav
2025-10-23 19:28:27,966 - INFO -   -> Found 3 detections
2025-10-23 19:28:27,967 - INFO - [88/371] Processing: 3_S7901_20250204_013000(UTC+7).wav
2025-10-23 19:28:42,438 - INFO -   -> Found 4 detections
2025-10-23 19:28:42,439 - INFO - [89/371] Processing: 3_S7901_20250204_014500(UTC+7).wav
2025-10-23 19:28:56,991 - INFO -   -> Found 19 detections
2025-10-23 19:28:56,992 - INFO - [90/371] Processing: 3_S7901_20250204_020000(UTC+7).wav
2025-10-23 19:29:11,636 - INFO -   -> No detections
2025-10-23 19:29:11,637 - INFO - [91/371] Processing: 3_S7901_20250204_021500(UTC+7).wav
2025-10-23 19:29:26,234 - INFO -   -> Found 2 detections
2025-10-23 19:29:26,235 - INFO - [92/371] Processing: 3_S7901_20250204_023000(UTC+7).wav
2025-10-23 19:29:40,662 - INFO -   -> No detections
2025-10-23 19:29:40,663 - INFO - [93/371] Processing: 3_S7901_20250204_024500(UTC+7).wav
2025-10-23 19:29:55,153 - INFO -   -> Found 1 detections
2025-10-23 19:29:55,153 - INFO - [94/371] Processing: 3_S7901_20250204_030000(UTC+7).wav
2025-10-23 19:30:09,784 - INFO -   -> No detections
2025-10-23 19:30:09,784 - INFO - [95/371] Processing: 3_S7901_20250204_031500(UTC+7).wav
2025-10-23 19:30:24,437 - INFO -   -> No detections
2025-10-23 19:30:24,438 - INFO - [96/371] Processing: 3_S7901_20250204_033000(UTC+7).wav
2025-10-23 19:30:39,013 - INFO -   -> No detections
2025-10-23 19:30:39,014 - INFO - [97/371] Processing: 3_S7901_20250204_034500(UTC+7).wav
2025-10-23 19:30:53,687 - INFO -   -> Found 2 detections
2025-10-23 19:30:53,689 - INFO - [98/371] Processing: 3_S7901_20250204_040000(UTC+7).wav
2025-10-23 19:31:08,129 - INFO -   -> No detections
2025-10-23 19:31:08,130 - INFO - [99/371] Processing: 3_S7901_20250204_041500(UTC+7).wav
2025-10-23 19:31:22,757 - INFO -   -> No detections
2025-10-23 19:31:22,758 - INFO - [100/371] Processing: 3_S7901_20250204_043000(UTC+7).wav
2025-10-23 19:31:37,310 - INFO -   -> Found 2 detections
2025-10-23 19:31:37,310 - INFO - [101/371] Processing: 3_S7901_20250204_044500(UTC+7).wav
2025-10-23 19:31:51,848 - INFO -   -> Found 2 detections
2025-10-23 19:31:51,879 - INFO - Checkpoint saved: 1542 records
2025-10-23 19:31:51,879 - INFO - [102/371] Processing: 3_S7901_20250204_050000(UTC+7).wav
2025-10-23 19:32:06,439 - INFO -   -> Found 4 detections
2025-10-23 19:32:06,440 - INFO - [103/371] Processing: 3_S7901_20250204_051500(UTC+7).wav
2025-10-23 19:32:21,412 - INFO -   -> No detections
2025-10-23 19:32:21,413 - INFO - [104/371] Processing: 3_S7901_20250204_053000(UTC+7).wav
2025-10-23 19:32:36,160 - INFO -   -> Found 11 detections
2025-10-23 19:32:36,160 - INFO - [105/371] Processing: 3_S7901_20250204_054500(UTC+7).wav
2025-10-23 19:32:50,971 - INFO -   -> Found 19 detections
2025-10-23 19:32:50,972 - INFO - [106/371] Processing: 3_S7901_20250204_060000(UTC+7).wav
2025-10-23 19:33:05,709 - INFO -   -> Found 17 detections
2025-10-23 19:33:05,710 - INFO - [107/371] Processing: 3_S7901_20250204_061845(UTC+7).wav
2025-10-23 19:33:05,714 - ERROR - Failed to process 3_S7901_20250204_061845(UTC+7).wav: Generic audio read error occurred from librosa.
2025-10-23 19:33:05,784 - INFO -   -> No detections
2025-10-23 19:33:05,784 - INFO - [108/371] Processing: 3_S7901_20250204_061910(UTC+7).wav
2025-10-23 19:33:14,440 - INFO -   -> Found 2 detections
2025-10-23 19:33:14,441 - INFO - [109/371] Processing: 3_S7901_20250204_063000(UTC+7).wav
2025-10-23 19:33:29,342 - INFO -   -> Found 1 detections
2025-10-23 19:33:29,343 - INFO - [110/371] Processing: 3_S7901_20250204_064500(UTC+7).wav
2025-10-23 19:33:43,936 - INFO -   -> Found 2 detections
2025-10-23 19:33:43,937 - INFO - [111/371] Processing: 3_S7901_20250204_070000(UTC+7).wav
2025-10-23 19:33:58,916 - INFO -   -> Found 32 detections
2025-10-23 19:33:58,918 - INFO - [112/371] Processing: 3_S7901_20250204_071500(UTC+7).wav
2025-10-23 19:34:13,561 - INFO -   -> Found 47 detections
2025-10-23 19:34:13,563 - INFO - [113/371] Processing: 3_S7901_20250204_073000(UTC+7).wav
2025-10-23 19:34:28,185 - INFO -   -> Found 42 detections
2025-10-23 19:34:28,186 - INFO - [114/371] Processing: 3_S7901_20250204_074500(UTC+7).wav
2025-10-23 19:34:42,856 - INFO -   -> Found 11 detections
2025-10-23 19:34:42,857 - INFO - [115/371] Processing: 3_S7901_20250204_080000(UTC+7).wav
2025-10-23 19:34:58,009 - INFO -   -> Found 19 detections
2025-10-23 19:34:58,010 - INFO - [116/371] Processing: 3_S7901_20250204_081500(UTC+7).wav
2025-10-23 19:35:12,787 - INFO -   -> Found 41 detections
2025-10-23 19:35:12,787 - INFO - [117/371] Processing: 3_S7901_20250204_083000(UTC+7).wav
2025-10-23 19:35:27,847 - INFO -   -> Found 45 detections
2025-10-23 19:35:27,849 - INFO - [118/371] Processing: 3_S7901_20250204_084500(UTC+7).wav
2025-10-23 19:35:42,752 - INFO -   -> Found 23 detections
2025-10-23 19:35:42,753 - INFO - [119/371] Processing: 3_S7901_20250204_090000(UTC+7).wav
2025-10-23 19:35:57,821 - INFO -   -> Found 39 detections
2025-10-23 19:35:57,822 - INFO - [120/371] Processing: 3_S7901_20250204_091500(UTC+7).wav
2025-10-23 19:36:12,867 - INFO -   -> Found 7 detections
2025-10-23 19:36:12,869 - INFO - [121/371] Processing: 3_S7901_20250204_093000(UTC+7).wav
2025-10-23 19:36:27,489 - INFO -   -> Found 31 detections
2025-10-23 19:36:27,491 - INFO - [122/371] Processing: 3_S7901_20250204_094500(UTC+7).wav
2025-10-23 19:36:42,348 - INFO -   -> Found 17 detections
2025-10-23 19:36:42,349 - INFO - [123/371] Processing: 3_S7901_20250204_100000(UTC+7).wav
2025-10-23 19:36:57,347 - INFO -   -> Found 18 detections
2025-10-23 19:36:57,349 - INFO - [124/371] Processing: 3_S7901_20250204_101500(UTC+7).wav
2025-10-23 19:37:12,088 - INFO -   -> Found 22 detections
2025-10-23 19:37:12,089 - INFO - [125/371] Processing: 3_S7901_20250204_103000(UTC+7).wav
2025-10-23 19:37:26,544 - INFO -   -> Found 22 detections
2025-10-23 19:37:26,545 - INFO - [126/371] Processing: 3_S7901_20250204_104500(UTC+7).wav
2025-10-23 19:37:41,734 - INFO -   -> Found 15 detections
2025-10-23 19:37:41,736 - INFO - [127/371] Processing: 3_S7901_20250204_110000(UTC+7).wav
2025-10-23 19:37:57,575 - INFO -   -> Found 26 detections
2025-10-23 19:37:57,576 - INFO - [128/371] Processing: 3_S7901_20250204_111500(UTC+7).wav
2025-10-23 19:38:13,380 - INFO -   -> Found 11 detections
2025-10-23 19:38:13,382 - INFO - [129/371] Processing: 3_S7901_20250204_113000(UTC+7).wav
2025-10-23 19:38:29,592 - INFO -   -> Found 19 detections
2025-10-23 19:38:29,593 - INFO - [130/371] Processing: 3_S7901_20250204_114500(UTC+7).wav
2025-10-23 19:38:44,447 - INFO -   -> Found 1 detections
2025-10-23 19:38:44,448 - INFO - [131/371] Processing: 3_S7901_20250204_120000(UTC+7).wav
2025-10-23 19:38:59,790 - INFO -   -> Found 8 detections
2025-10-23 19:38:59,791 - INFO - [132/371] Processing: 3_S7901_20250204_121500(UTC+7).wav
2025-10-23 19:39:14,662 - INFO -   -> Found 15 detections
2025-10-23 19:39:14,663 - INFO - [133/371] Processing: 3_S7901_20250204_123000(UTC+7).wav
2025-10-23 19:39:29,805 - INFO -   -> Found 6 detections
2025-10-23 19:39:29,805 - INFO - [134/371] Processing: 3_S7901_20250204_124500(UTC+7).wav
2025-10-23 19:39:44,541 - INFO -   -> Found 3 detections
2025-10-23 19:39:44,541 - INFO - [135/371] Processing: 3_S7901_20250204_130000(UTC+7).wav
2025-10-23 19:39:59,150 - INFO -   -> Found 8 detections
2025-10-23 19:39:59,150 - INFO - [136/371] Processing: 3_S7901_20250204_131500(UTC+7).wav
2025-10-23 19:40:13,943 - INFO -   -> Found 6 detections
2025-10-23 19:40:13,944 - INFO - [137/371] Processing: 3_S7901_20250204_133000(UTC+7).wav
2025-10-23 19:40:28,865 - INFO -   -> Found 13 detections
2025-10-23 19:40:28,866 - INFO - [138/371] Processing: 3_S7901_20250204_134500(UTC+7).wav
2025-10-23 19:40:43,633 - INFO -   -> Found 9 detections
2025-10-23 19:40:43,633 - INFO - [139/371] Processing: 3_S7901_20250204_140000(UTC+7).wav
2025-10-23 19:40:58,425 - INFO -   -> Found 1 detections
2025-10-23 19:40:58,425 - INFO - [140/371] Processing: 3_S7901_20250204_141500(UTC+7).wav
2025-10-23 19:41:12,885 - INFO -   -> Found 14 detections
2025-10-23 19:41:12,885 - INFO - [141/371] Processing: 3_S7901_20250204_143000(UTC+7).wav
2025-10-23 19:41:27,560 - INFO -   -> Found 6 detections
2025-10-23 19:41:27,560 - INFO - [142/371] Processing: 3_S7901_20250204_144500(UTC+7).wav
2025-10-23 19:41:42,254 - INFO -   -> Found 24 detections
2025-10-23 19:41:42,254 - INFO - [143/371] Processing: 3_S7901_20250204_150000(UTC+7).wav
2025-10-23 19:41:56,778 - INFO -   -> Found 8 detections
2025-10-23 19:41:56,778 - INFO - [144/371] Processing: 3_S7901_20250204_151500(UTC+7).wav
2025-10-23 19:42:11,398 - INFO -   -> Found 13 detections
2025-10-23 19:42:11,398 - INFO - [145/371] Processing: 3_S7901_20250204_153000(UTC+7).wav
2025-10-23 19:42:26,110 - INFO -   -> Found 11 detections
2025-10-23 19:42:26,110 - INFO - [146/371] Processing: 3_S7901_20250204_154500(UTC+7).wav
2025-10-23 19:42:40,478 - INFO -   -> Found 63 detections
2025-10-23 19:42:40,478 - INFO - [147/371] Processing: 3_S7901_20250204_160000(UTC+7).wav
2025-10-23 19:42:54,888 - INFO -   -> Found 19 detections
2025-10-23 19:42:54,889 - INFO - [148/371] Processing: 3_S7901_20250204_161500(UTC+7).wav
2025-10-23 19:43:09,643 - INFO -   -> Found 15 detections
2025-10-23 19:43:09,643 - INFO - [149/371] Processing: 3_S7901_20250204_163000(UTC+7).wav
2025-10-23 19:43:24,323 - INFO -   -> Found 38 detections
2025-10-23 19:43:24,324 - INFO - [150/371] Processing: 3_S7901_20250204_164500(UTC+7).wav
2025-10-23 19:43:38,835 - INFO -   -> Found 5 detections
2025-10-23 19:43:38,836 - INFO - [151/371] Processing: 3_S7901_20250204_170000(UTC+7).wav
2025-10-23 19:43:53,524 - INFO -   -> Found 43 detections
2025-10-23 19:43:53,568 - INFO - Checkpoint saved: 2414 records
2025-10-23 19:43:53,568 - INFO - [152/371] Processing: 3_S7901_20250204_171500(UTC+7).wav
2025-10-23 19:44:08,121 - INFO -   -> Found 33 detections
2025-10-23 19:44:08,122 - INFO - [153/371] Processing: 3_S7901_20250204_173000(UTC+7).wav
2025-10-23 19:44:22,922 - INFO -   -> Found 22 detections
2025-10-23 19:44:22,924 - INFO - [154/371] Processing: 3_S7901_20250204_174500(UTC+7).wav
2025-10-23 19:44:37,601 - INFO -   -> Found 1 detections
2025-10-23 19:44:37,602 - INFO - [155/371] Processing: 3_S7901_20250204_180000(UTC+7).wav
2025-10-23 19:44:52,380 - INFO -   -> Found 61 detections
2025-10-23 19:44:52,381 - INFO - [156/371] Processing: 3_S7901_20250204_181500(UTC+7).wav
2025-10-23 19:45:06,798 - INFO -   -> Found 53 detections
2025-10-23 19:45:06,799 - INFO - [157/371] Processing: 3_S7901_20250204_183000(UTC+7).wav
2025-10-23 19:45:21,391 - INFO -   -> Found 95 detections
2025-10-23 19:45:21,392 - INFO - [158/371] Processing: 3_S7901_20250204_184500(UTC+7).wav
2025-10-23 19:45:36,142 - INFO -   -> Found 110 detections
2025-10-23 19:45:36,143 - INFO - [159/371] Processing: 3_S7901_20250204_190000(UTC+7).wav
2025-10-23 19:45:50,624 - INFO -   -> Found 99 detections
2025-10-23 19:45:50,624 - INFO - [160/371] Processing: 3_S7901_20250204_191500(UTC+7).wav
2025-10-23 19:46:05,292 - INFO -   -> Found 33 detections
2025-10-23 19:46:05,294 - INFO - [161/371] Processing: 3_S7901_20250204_193000(UTC+7).wav
2025-10-23 19:46:19,834 - INFO -   -> Found 37 detections
2025-10-23 19:46:19,834 - INFO - [162/371] Processing: 3_S7901_20250204_194500(UTC+7).wav
2025-10-23 19:46:34,475 - INFO -   -> Found 26 detections
2025-10-23 19:46:34,476 - INFO - [163/371] Processing: 3_S7901_20250204_200000(UTC+7).wav
2025-10-23 19:46:49,182 - INFO -   -> Found 5 detections
2025-10-23 19:46:49,183 - INFO - [164/371] Processing: 3_S7901_20250204_201500(UTC+7).wav
2025-10-23 19:46:49,187 - ERROR - Failed to process 3_S7901_20250204_201500(UTC+7).wav: Generic audio read error occurred from librosa.
2025-10-23 19:46:49,188 - INFO -   -> No detections
2025-10-23 19:46:49,188 - INFO - [165/371] Processing: 4_S7902_20250204_080655(UTC+7).wav
2025-10-23 19:46:53,684 - INFO -   -> Found 2 detections
2025-10-23 19:46:53,684 - INFO - [166/371] Processing: 4_S7902_20250204_081500(UTC+7).wav
2025-10-23 19:47:08,034 - INFO -   -> No detections
2025-10-23 19:47:08,035 - INFO - [167/371] Processing: 4_S7902_20250204_083000(UTC+7).wav
2025-10-23 19:47:22,705 - INFO -   -> Found 35 detections
2025-10-23 19:47:22,705 - INFO - [168/371] Processing: 4_S7902_20250204_084500(UTC+7).wav
2025-10-23 19:47:37,267 - INFO -   -> Found 40 detections
2025-10-23 19:47:37,268 - INFO - [169/371] Processing: 4_S7902_20250204_090000(UTC+7).wav
2025-10-23 19:47:51,658 - INFO -   -> Found 31 detections
2025-10-23 19:47:51,659 - INFO - [170/371] Processing: 4_S7902_20250204_091500(UTC+7).wav
2025-10-23 19:48:06,123 - INFO -   -> Found 44 detections
2025-10-23 19:48:06,124 - INFO - [171/371] Processing: 4_S7902_20250204_093000(UTC+7).wav
2025-10-23 19:48:20,567 - INFO -   -> Found 19 detections
2025-10-23 19:48:20,568 - INFO - [172/371] Processing: 4_S7902_20250204_094500(UTC+7).wav
2025-10-23 19:48:35,260 - INFO -   -> No detections
2025-10-23 19:48:35,261 - INFO - [173/371] Processing: 4_S7902_20250204_100000(UTC+7).wav
2025-10-23 19:48:49,831 - INFO -   -> Found 4 detections
2025-10-23 19:48:49,832 - INFO - [174/371] Processing: 4_S7902_20250204_101500(UTC+7).wav
2025-10-23 19:49:04,242 - INFO -   -> Found 3 detections
2025-10-23 19:49:04,243 - INFO - [175/371] Processing: 4_S7902_20250204_103000(UTC+7).wav
2025-10-23 19:49:19,027 - INFO -   -> Found 1 detections
2025-10-23 19:49:19,027 - INFO - [176/371] Processing: 4_S7902_20250204_104500(UTC+7).wav
2025-10-23 19:49:33,427 - INFO -   -> Found 1 detections
2025-10-23 19:49:33,428 - INFO - [177/371] Processing: 4_S7902_20250204_110000(UTC+7).wav
2025-10-23 19:49:47,892 - INFO -   -> Found 4 detections
2025-10-23 19:49:47,893 - INFO - [178/371] Processing: 4_S7902_20250204_111500(UTC+7).wav
2025-10-23 19:50:02,596 - INFO -   -> Found 1 detections
2025-10-23 19:50:02,598 - INFO - [179/371] Processing: 4_S7902_20250204_113000(UTC+7).wav
2025-10-23 19:50:17,324 - INFO -   -> Found 6 detections
2025-10-23 19:50:17,324 - INFO - [180/371] Processing: 4_S7902_20250204_114500(UTC+7).wav
2025-10-23 19:50:31,926 - INFO -   -> Found 5 detections
2025-10-23 19:50:31,927 - INFO - [181/371] Processing: 4_S7902_20250204_120000(UTC+7).wav
2025-10-23 19:50:46,387 - INFO -   -> Found 21 detections
2025-10-23 19:50:46,387 - INFO - [182/371] Processing: 4_S7902_20250204_121500(UTC+7).wav
2025-10-23 19:51:01,040 - INFO -   -> Found 12 detections
2025-10-23 19:51:01,041 - INFO - [183/371] Processing: 4_S7902_20250204_123000(UTC+7).wav
2025-10-23 19:51:15,657 - INFO -   -> Found 2 detections
2025-10-23 19:51:15,658 - INFO - [184/371] Processing: 4_S7902_20250204_124500(UTC+7).wav
2025-10-23 19:51:30,174 - INFO -   -> Found 5 detections
2025-10-23 19:51:30,175 - INFO - [185/371] Processing: 4_S7902_20250204_130000(UTC+7).wav
2025-10-23 19:51:44,985 - INFO -   -> Found 2 detections
2025-10-23 19:51:44,987 - INFO - [186/371] Processing: 4_S7902_20250204_131500(UTC+7).wav
2025-10-23 19:51:59,519 - INFO -   -> Found 1 detections
2025-10-23 19:51:59,520 - INFO - [187/371] Processing: 4_S7902_20250204_133000(UTC+7).wav
2025-10-23 19:52:13,971 - INFO -   -> No detections
2025-10-23 19:52:13,971 - INFO - [188/371] Processing: 4_S7902_20250204_134500(UTC+7).wav
2025-10-23 19:52:28,430 - INFO -   -> Found 1 detections
2025-10-23 19:52:28,430 - INFO - [189/371] Processing: 4_S7902_20250204_140000(UTC+7).wav
2025-10-23 19:52:42,948 - INFO -   -> Found 2 detections
2025-10-23 19:52:42,948 - INFO - [190/371] Processing: 4_S7902_20250204_141500(UTC+7).wav
2025-10-23 19:52:57,604 - INFO -   -> No detections
2025-10-23 19:52:57,605 - INFO - [191/371] Processing: 4_S7902_20250204_143000(UTC+7).wav
2025-10-23 19:53:12,085 - INFO -   -> No detections
2025-10-23 19:53:12,085 - INFO - [192/371] Processing: 4_S7902_20250204_144500(UTC+7).wav
2025-10-23 19:53:26,681 - INFO -   -> Found 3 detections
2025-10-23 19:53:26,682 - INFO - [193/371] Processing: 4_S7902_20250204_150000(UTC+7).wav
2025-10-23 19:53:41,376 - INFO -   -> No detections
2025-10-23 19:53:41,376 - INFO - [194/371] Processing: 4_S7902_20250204_151500(UTC+7).wav
2025-10-23 19:53:55,838 - INFO -   -> No detections
2025-10-23 19:53:55,839 - INFO - [195/371] Processing: 4_S7902_20250204_153000(UTC+7).wav
2025-10-23 19:54:10,482 - INFO -   -> No detections
2025-10-23 19:54:10,482 - INFO - [196/371] Processing: 4_S7902_20250204_154500(UTC+7).wav
2025-10-23 19:54:24,970 - INFO -   -> Found 4 detections
2025-10-23 19:54:24,971 - INFO - [197/371] Processing: 4_S7902_20250204_160000(UTC+7).wav
2025-10-23 19:54:39,495 - INFO -   -> Found 4 detections
2025-10-23 19:54:39,495 - INFO - [198/371] Processing: 4_S7902_20250204_161500(UTC+7).wav
2025-10-23 19:54:53,914 - INFO -   -> Found 4 detections
2025-10-23 19:54:53,915 - INFO - [199/371] Processing: 4_S7902_20250204_163000(UTC+7).wav
2025-10-23 19:55:08,373 - INFO -   -> Found 11 detections
2025-10-23 19:55:08,373 - INFO - [200/371] Processing: 4_S7902_20250204_164500(UTC+7).wav
2025-10-23 19:55:22,910 - INFO -   -> Found 16 detections
2025-10-23 19:55:22,911 - INFO - [201/371] Processing: 4_S7902_20250204_170000(UTC+7).wav
2025-10-23 19:55:37,475 - INFO -   -> Found 20 detections
2025-10-23 19:55:37,524 - INFO - Checkpoint saved: 3293 records
2025-10-23 19:55:37,524 - INFO - [202/371] Processing: 4_S7902_20250204_171500(UTC+7).wav
2025-10-23 19:55:37,524 - ERROR - Failed to process 4_S7902_20250204_171500(UTC+7).wav: Generic audio read error occurred from librosa.
2025-10-23 19:55:37,525 - INFO -   -> No detections
2025-10-23 19:55:37,525 - INFO - [203/371] Processing: 4_S7902_20250204_173001(UTC+7).wav
2025-10-23 19:55:37,525 - ERROR - Failed to process 4_S7902_20250204_173001(UTC+7).wav: Generic audio read error occurred from librosa.
2025-10-23 19:55:37,526 - INFO -   -> No detections
2025-10-23 19:55:37,526 - INFO - [204/371] Processing: 4_S7902_20250204_173120(UTC+7).wav
2025-10-23 19:55:37,526 - ERROR - Failed to process 4_S7902_20250204_173120(UTC+7).wav: Generic audio read error occurred from librosa.
2025-10-23 19:55:37,526 - INFO -   -> No detections
2025-10-23 19:55:37,526 - INFO - [205/371] Processing: 4_S7902_20250204_173129(UTC+7).wav
2025-10-23 19:55:37,527 - ERROR - Failed to process 4_S7902_20250204_173129(UTC+7).wav: Generic audio read error occurred from librosa.
2025-10-23 19:55:37,527 - INFO -   -> No detections
2025-10-23 19:55:37,527 - INFO - [206/371] Processing: 4_S7902_20250204_173243(UTC+7).wav
2025-10-23 19:55:37,527 - ERROR - Failed to process 4_S7902_20250204_173243(UTC+7).wav: Generic audio read error occurred from librosa.
2025-10-23 19:55:37,527 - INFO -   -> No detections
2025-10-23 19:55:37,527 - INFO - [207/371] Processing: 4_S7902_20250204_173251(UTC+7).wav
2025-10-23 19:55:37,528 - ERROR - Failed to process 4_S7902_20250204_173251(UTC+7).wav: Generic audio read error occurred from librosa.
2025-10-23 19:55:37,528 - INFO -   -> No detections
2025-10-23 19:55:37,528 - INFO - [208/371] Processing: 4_S7902_20250204_173255(UTC+7).wav
2025-10-23 19:55:37,528 - ERROR - Failed to process 4_S7902_20250204_173255(UTC+7).wav: Generic audio read error occurred from librosa.
2025-10-23 19:55:37,528 - INFO -   -> No detections
2025-10-23 19:55:37,528 - INFO - [209/371] Processing: 4_S7902_20250204_173258(UTC+7).wav
2025-10-23 19:55:37,529 - ERROR - Failed to process 4_S7902_20250204_173258(UTC+7).wav: Generic audio read error occurred from librosa.
2025-10-23 19:55:37,529 - INFO -   -> No detections
2025-10-23 19:55:37,529 - INFO - [210/371] Processing: 4_S7902_20250204_173307(UTC+7).wav
2025-10-23 19:55:37,529 - ERROR - Failed to process 4_S7902_20250204_173307(UTC+7).wav: Generic audio read error occurred from librosa.
2025-10-23 19:55:37,530 - INFO -   -> No detections
2025-10-23 19:55:37,530 - INFO - [211/371] Processing: 4_S7902_20250204_173433(UTC+7).wav
2025-10-23 19:55:37,530 - ERROR - Failed to process 4_S7902_20250204_173433(UTC+7).wav: Generic audio read error occurred from librosa.
2025-10-23 19:55:37,530 - INFO -   -> No detections
2025-10-23 19:55:37,530 - INFO - [212/371] Processing: 4_S7902_20250204_173537(UTC+7).wav
2025-10-23 19:55:37,531 - ERROR - Failed to process 4_S7902_20250204_173537(UTC+7).wav: Generic audio read error occurred from librosa.
2025-10-23 19:55:37,531 - INFO -   -> No detections
2025-10-23 19:55:37,531 - INFO - [213/371] Processing: 4_S7902_20250204_173604(UTC+7).wav
2025-10-23 19:55:37,531 - ERROR - Failed to process 4_S7902_20250204_173604(UTC+7).wav: Generic audio read error occurred from librosa.
2025-10-23 19:55:37,531 - INFO -   -> No detections
2025-10-23 19:55:37,531 - INFO - [214/371] Processing: 4_S7902_20250204_173614(UTC+7).wav
2025-10-23 19:55:37,532 - ERROR - Failed to process 4_S7902_20250204_173614(UTC+7).wav: Generic audio read error occurred from librosa.
2025-10-23 19:55:37,532 - INFO -   -> No detections
2025-10-23 19:55:37,533 - INFO - [215/371] Processing: 4_S7902_20250204_173631(UTC+7).wav
2025-10-23 19:55:37,533 - ERROR - Failed to process 4_S7902_20250204_173631(UTC+7).wav: Generic audio read error occurred from librosa.
2025-10-23 19:55:37,533 - INFO -   -> No detections
2025-10-23 19:55:37,533 - INFO - [216/371] Processing: 4_S7902_20250204_173635(UTC+7).wav
2025-10-23 19:55:37,533 - ERROR - Failed to process 4_S7902_20250204_173635(UTC+7).wav: Generic audio read error occurred from librosa.
2025-10-23 19:55:37,534 - INFO -   -> No detections
2025-10-23 19:55:37,534 - INFO - [217/371] Processing: 4_S7902_20250204_173646(UTC+7).wav
2025-10-23 19:55:37,534 - ERROR - Failed to process 4_S7902_20250204_173646(UTC+7).wav: Generic audio read error occurred from librosa.
2025-10-23 19:55:37,534 - INFO -   -> No detections
2025-10-23 19:55:37,535 - INFO - [218/371] Processing: 4_S7902_20250204_173657(UTC+7).wav
2025-10-23 19:55:37,535 - ERROR - Failed to process 4_S7902_20250204_173657(UTC+7).wav: Generic audio read error occurred from librosa.
2025-10-23 19:55:37,535 - INFO -   -> No detections
2025-10-23 19:55:37,535 - INFO - [219/371] Processing: 4_S7902_20250204_173723(UTC+7).wav
2025-10-23 19:55:37,535 - ERROR - Failed to process 4_S7902_20250204_173723(UTC+7).wav: Generic audio read error occurred from librosa.
2025-10-23 19:55:37,536 - INFO -   -> No detections
2025-10-23 19:55:37,536 - INFO - [220/371] Processing: 4_S7902_20250204_173729(UTC+7).wav
2025-10-23 19:55:37,536 - ERROR - Failed to process 4_S7902_20250204_173729(UTC+7).wav: Generic audio read error occurred from librosa.
2025-10-23 19:55:37,536 - INFO -   -> No detections
2025-10-23 19:55:37,536 - INFO - [221/371] Processing: 4_S7902_20250204_173810(UTC+7).wav
2025-10-23 19:55:37,536 - ERROR - Failed to process 4_S7902_20250204_173810(UTC+7).wav: Generic audio read error occurred from librosa.
2025-10-23 19:55:37,537 - INFO -   -> No detections
2025-10-23 19:55:37,537 - INFO - [222/371] Processing: 4_S7902_20250204_173837(UTC+7).wav
2025-10-23 19:55:37,537 - ERROR - Failed to process 4_S7902_20250204_173837(UTC+7).wav: Generic audio read error occurred from librosa.
2025-10-23 19:55:37,537 - INFO -   -> No detections
2025-10-23 19:55:37,537 - INFO - [223/371] Processing: 4_S7902_20250204_173900(UTC+7).wav
2025-10-23 19:55:37,537 - ERROR - Failed to process 4_S7902_20250204_173900(UTC+7).wav: Generic audio read error occurred from librosa.
2025-10-23 19:55:37,538 - INFO -   -> No detections
2025-10-23 19:55:37,538 - INFO - [224/371] Processing: 4_S7902_20250204_173955(UTC+7).wav
2025-10-23 19:55:37,538 - ERROR - Failed to process 4_S7902_20250204_173955(UTC+7).wav: Generic audio read error occurred from librosa.
2025-10-23 19:55:37,538 - INFO -   -> No detections
2025-10-23 19:55:37,538 - INFO - [225/371] Processing: 4_S7902_20250204_174500(UTC+7).wav
2025-10-23 19:55:52,056 - INFO -   -> Found 1 detections
2025-10-23 19:55:52,057 - INFO - [226/371] Processing: 4_S7902_20250204_180000(UTC+7).wav
2025-10-23 19:56:06,590 - INFO -   -> Found 33 detections
2025-10-23 19:56:06,591 - INFO - [227/371] Processing: 4_S7902_20250204_181500(UTC+7).wav
2025-10-23 19:56:21,206 - INFO -   -> Found 69 detections
2025-10-23 19:56:21,206 - INFO - [228/371] Processing: 4_S7902_20250204_183000(UTC+7).wav
2025-10-23 19:56:35,935 - INFO -   -> Found 28 detections
2025-10-23 19:56:35,936 - INFO - [229/371] Processing: 4_S7902_20250204_184500(UTC+7).wav
2025-10-23 19:56:50,387 - INFO -   -> Found 23 detections
2025-10-23 19:56:50,387 - INFO - [230/371] Processing: 4_S7902_20250204_190000(UTC+7).wav
2025-10-23 19:57:05,083 - INFO -   -> Found 21 detections
2025-10-23 19:57:05,084 - INFO - [231/371] Processing: 4_S7902_20250204_191500(UTC+7).wav
2025-10-23 19:57:19,763 - INFO -   -> Found 33 detections
2025-10-23 19:57:19,763 - INFO - [232/371] Processing: 4_S7902_20250204_193000(UTC+7).wav
2025-10-23 19:57:34,347 - INFO -   -> Found 38 detections
2025-10-23 19:57:34,348 - INFO - [233/371] Processing: 4_S7902_20250204_194500(UTC+7).wav
2025-10-23 19:57:48,857 - INFO -   -> Found 24 detections
2025-10-23 19:57:48,857 - INFO - [234/371] Processing: 4_S7902_20250204_200000(UTC+7).wav
2025-10-23 19:58:03,611 - INFO -   -> Found 34 detections
2025-10-23 19:58:03,611 - INFO - [235/371] Processing: 4_S7902_20250204_201500(UTC+7).wav
2025-10-23 19:58:18,103 - INFO -   -> Found 8 detections
2025-10-23 19:58:18,104 - INFO - [236/371] Processing: 4_S7902_20250204_203000(UTC+7).wav
2025-10-23 19:58:32,497 - INFO -   -> Found 44 detections
2025-10-23 19:58:32,498 - INFO - [237/371] Processing: 4_S7902_20250204_204500(UTC+7).wav
2025-10-23 19:58:47,126 - INFO -   -> Found 30 detections
2025-10-23 19:58:47,126 - INFO - [238/371] Processing: 4_S7902_20250204_210000(UTC+7).wav
2025-10-23 19:59:01,561 - INFO -   -> Found 16 detections
2025-10-23 19:59:01,563 - INFO - [239/371] Processing: 4_S7902_20250204_211500(UTC+7).wav
2025-10-23 19:59:16,246 - INFO -   -> Found 25 detections
2025-10-23 19:59:16,246 - INFO - [240/371] Processing: 4_S7902_20250204_213000(UTC+7).wav
2025-10-23 19:59:30,753 - INFO -   -> Found 23 detections
2025-10-23 19:59:30,755 - INFO - [241/371] Processing: 4_S7902_20250204_214500(UTC+7).wav
2025-10-23 19:59:45,285 - INFO -   -> Found 10 detections
2025-10-23 19:59:45,285 - INFO - [242/371] Processing: 4_S7902_20250204_220000(UTC+7).wav
2025-10-23 19:59:59,867 - INFO -   -> Found 34 detections
2025-10-23 19:59:59,868 - INFO - [243/371] Processing: 4_S7902_20250204_221500(UTC+7).wav
2025-10-23 20:00:14,425 - INFO -   -> Found 14 detections
2025-10-23 20:00:14,427 - INFO - [244/371] Processing: 4_S7902_20250204_223000(UTC+7).wav
2025-10-23 20:00:29,179 - INFO -   -> Found 18 detections
2025-10-23 20:00:29,179 - INFO - [245/371] Processing: 4_S7902_20250204_224500(UTC+7).wav
2025-10-23 20:00:43,807 - INFO -   -> Found 5 detections
2025-10-23 20:00:43,808 - INFO - [246/371] Processing: 4_S7902_20250204_230000(UTC+7).wav
2025-10-23 20:00:58,427 - INFO -   -> Found 11 detections
2025-10-23 20:00:58,428 - INFO - [247/371] Processing: 4_S7902_20250204_231500(UTC+7).wav
2025-10-23 20:01:12,727 - INFO -   -> Found 10 detections
2025-10-23 20:01:12,728 - INFO - [248/371] Processing: 4_S7902_20250204_233000(UTC+7).wav
2025-10-23 20:01:27,276 - INFO -   -> Found 18 detections
2025-10-23 20:01:27,277 - INFO - [249/371] Processing: 4_S7902_20250204_234500(UTC+7).wav
2025-10-23 20:01:41,881 - INFO -   -> Found 7 detections
2025-10-23 20:01:41,882 - INFO - [250/371] Processing: 4_S7902_20250205_000000(UTC+7).wav
2025-10-23 20:01:56,633 - INFO -   -> Found 15 detections
2025-10-23 20:01:56,634 - INFO - [251/371] Processing: 4_S7902_20250205_001500(UTC+7).wav
2025-10-23 20:02:11,943 - INFO -   -> Found 6 detections
2025-10-23 20:02:11,984 - INFO - Checkpoint saved: 3891 records
2025-10-23 20:02:11,984 - INFO - [252/371] Processing: 4_S7902_20250205_003000(UTC+7).wav
2025-10-23 20:02:26,623 - INFO -   -> Found 18 detections
2025-10-23 20:02:26,623 - INFO - [253/371] Processing: 4_S7902_20250205_004500(UTC+7).wav
2025-10-23 20:02:41,384 - INFO -   -> Found 13 detections
2025-10-23 20:02:41,385 - INFO - [254/371] Processing: 4_S7902_20250205_010000(UTC+7).wav
2025-10-23 20:02:55,856 - INFO -   -> Found 7 detections
2025-10-23 20:02:55,857 - INFO - [255/371] Processing: 4_S7902_20250205_011500(UTC+7).wav
2025-10-23 20:03:10,376 - INFO -   -> Found 20 detections
2025-10-23 20:03:10,376 - INFO - [256/371] Processing: 4_S7902_20250205_013000(UTC+7).wav
2025-10-23 20:03:24,972 - INFO -   -> Found 10 detections
2025-10-23 20:03:24,973 - INFO - [257/371] Processing: 4_S7902_20250205_014500(UTC+7).wav
2025-10-23 20:03:39,537 - INFO -   -> Found 20 detections
2025-10-23 20:03:39,538 - INFO - [258/371] Processing: 4_S7902_20250205_020000(UTC+7).wav
2025-10-23 20:03:54,107 - INFO -   -> Found 9 detections
2025-10-23 20:03:54,108 - INFO - [259/371] Processing: 4_S7902_20250205_021500(UTC+7).wav
2025-10-23 20:04:08,663 - INFO -   -> Found 18 detections
2025-10-23 20:04:08,665 - INFO - [260/371] Processing: 4_S7902_20250205_023000(UTC+7).wav
2025-10-23 20:04:23,237 - INFO -   -> Found 41 detections
2025-10-23 20:04:23,237 - INFO - [261/371] Processing: 4_S7902_20250205_024500(UTC+7).wav
2025-10-23 20:04:37,873 - INFO -   -> Found 38 detections
2025-10-23 20:04:37,874 - INFO - [262/371] Processing: 4_S7902_20250205_030000(UTC+7).wav
2025-10-23 20:04:52,564 - INFO -   -> Found 17 detections
2025-10-23 20:04:52,566 - INFO - [263/371] Processing: 4_S7902_20250205_031500(UTC+7).wav
2025-10-23 20:05:07,224 - INFO -   -> Found 17 detections
2025-10-23 20:05:07,226 - INFO - [264/371] Processing: 4_S7902_20250205_033000(UTC+7).wav
2025-10-23 20:05:22,065 - INFO -   -> Found 20 detections
2025-10-23 20:05:22,065 - INFO - [265/371] Processing: 4_S7902_20250205_034500(UTC+7).wav
2025-10-23 20:05:36,716 - INFO -   -> Found 10 detections
2025-10-23 20:05:36,717 - INFO - [266/371] Processing: 4_S7902_20250205_040000(UTC+7).wav
2025-10-23 20:05:51,524 - INFO -   -> Found 34 detections
2025-10-23 20:05:51,525 - INFO - [267/371] Processing: 4_S7902_20250205_041500(UTC+7).wav
2025-10-23 20:06:06,214 - INFO -   -> Found 28 detections
2025-10-23 20:06:06,215 - INFO - [268/371] Processing: 4_S7902_20250205_043000(UTC+7).wav
2025-10-23 20:06:20,943 - INFO -   -> Found 19 detections
2025-10-23 20:06:20,944 - INFO - [269/371] Processing: 4_S7902_20250205_044500(UTC+7).wav
2025-10-23 20:06:35,695 - INFO -   -> Found 2 detections
2025-10-23 20:06:35,695 - INFO - [270/371] Processing: 4_S7902_20250205_050000(UTC+7).wav
2025-10-23 20:06:50,223 - INFO -   -> Found 48 detections
2025-10-23 20:06:50,223 - INFO - [271/371] Processing: 4_S7902_20250205_051500(UTC+7).wav
2025-10-23 20:07:04,939 - INFO -   -> Found 67 detections
2025-10-23 20:07:04,940 - INFO - [272/371] Processing: 4_S7902_20250205_053000(UTC+7).wav
2025-10-23 20:07:19,507 - INFO -   -> Found 110 detections
2025-10-23 20:07:19,507 - INFO - [273/371] Processing: 4_S7902_20250205_054500(UTC+7).wav
2025-10-23 20:07:34,243 - INFO -   -> Found 101 detections
2025-10-23 20:07:34,244 - INFO - [274/371] Processing: 4_S7902_20250205_060000(UTC+7).wav
2025-10-23 20:07:48,732 - INFO -   -> Found 93 detections
2025-10-23 20:07:48,733 - INFO - [275/371] Processing: 4_S7902_20250205_061500(UTC+7).wav
2025-10-23 20:08:03,327 - INFO -   -> Found 30 detections
2025-10-23 20:08:03,328 - INFO - [276/371] Processing: 4_S7902_20250205_063000(UTC+7).wav
2025-10-23 20:08:18,069 - INFO -   -> Found 49 detections
2025-10-23 20:08:18,069 - INFO - [277/371] Processing: 4_S7902_20250205_064500(UTC+7).wav
2025-10-23 20:08:32,708 - INFO -   -> Found 24 detections
2025-10-23 20:08:32,709 - INFO - [278/371] Processing: 4_S7902_20250205_070000(UTC+7).wav
2025-10-23 20:08:47,096 - INFO -   -> Found 6 detections
2025-10-23 20:08:47,099 - INFO - [279/371] Processing: 4_S7902_20250205_071500(UTC+7).wav
2025-10-23 20:08:47,101 - ERROR - Failed to process 4_S7902_20250205_071500(UTC+7).wav: Generic audio read error occurred from librosa.
2025-10-23 20:08:47,103 - INFO -   -> No detections
2025-10-23 20:08:47,104 - WARNING - [280/371] Skipped (invalid filename): 4_S7902_20250206_163241(+0700).wav
2025-10-23 20:08:47,104 - WARNING - [281/371] Skipped (invalid filename): 5_S7903_20250204_080000(+0700).wav
2025-10-23 20:08:47,104 - WARNING - [282/371] Skipped (invalid filename): 5_S7903_20250204_083000(+0700).wav
2025-10-23 20:08:47,104 - WARNING - [283/371] Skipped (invalid filename): 5_S7903_20250204_084500(+0700).wav
2025-10-23 20:08:47,104 - WARNING - [284/371] Skipped (invalid filename): 5_S7903_20250204_090000(+0700).wav
2025-10-23 20:08:47,104 - WARNING - [285/371] Skipped (invalid filename): 5_S7903_20250204_091500(+0700).wav
2025-10-23 20:08:47,104 - WARNING - [286/371] Skipped (invalid filename): 5_S7903_20250204_093000(+0700).wav
2025-10-23 20:08:47,104 - WARNING - [287/371] Skipped (invalid filename): 5_S7903_20250204_094500(+0700).wav
2025-10-23 20:08:47,104 - WARNING - [288/371] Skipped (invalid filename): 5_S7903_20250204_100000(+0700).wav
2025-10-23 20:08:47,104 - WARNING - [289/371] Skipped (invalid filename): 5_S7903_20250204_101500(+0700).wav
2025-10-23 20:08:47,104 - WARNING - [290/371] Skipped (invalid filename): 5_S7903_20250204_103000(+0700).wav
2025-10-23 20:08:47,104 - WARNING - [291/371] Skipped (invalid filename): 5_S7903_20250204_104500(+0700).wav
2025-10-23 20:08:47,104 - WARNING - [292/371] Skipped (invalid filename): 5_S7903_20250204_110000(+0700).wav
2025-10-23 20:08:47,104 - WARNING - [293/371] Skipped (invalid filename): 5_S7903_20250204_111500(+0700).wav
2025-10-23 20:08:47,104 - WARNING - [294/371] Skipped (invalid filename): 5_S7903_20250204_113000(+0700).wav
2025-10-23 20:08:47,105 - WARNING - [295/371] Skipped (invalid filename): 5_S7903_20250204_114500(+0700).wav
2025-10-23 20:08:47,105 - WARNING - [296/371] Skipped (invalid filename): 5_S7903_20250204_120000(+0700).wav
2025-10-23 20:08:47,105 - WARNING - [297/371] Skipped (invalid filename): 5_S7903_20250204_121500(+0700).wav
2025-10-23 20:08:47,105 - WARNING - [298/371] Skipped (invalid filename): 5_S7903_20250204_123000(+0700).wav
2025-10-23 20:08:47,105 - WARNING - [299/371] Skipped (invalid filename): 5_S7903_20250204_124500(+0700).wav
2025-10-23 20:08:47,105 - WARNING - [300/371] Skipped (invalid filename): 5_S7903_20250204_130000(+0700).wav
2025-10-23 20:08:47,105 - WARNING - [301/371] Skipped (invalid filename): 5_S7903_20250204_131500(+0700).wav
2025-10-23 20:08:47,105 - WARNING - [302/371] Skipped (invalid filename): 5_S7903_20250204_133000(+0700).wav
2025-10-23 20:08:47,105 - WARNING - [303/371] Skipped (invalid filename): 5_S7903_20250204_134500(+0700).wav
2025-10-23 20:08:47,105 - WARNING - [304/371] Skipped (invalid filename): 5_S7903_20250204_140000(+0700).wav
2025-10-23 20:08:47,105 - WARNING - [305/371] Skipped (invalid filename): 5_S7903_20250204_141500(+0700).wav
2025-10-23 20:08:47,105 - WARNING - [306/371] Skipped (invalid filename): 5_S7903_20250204_143000(+0700).wav
2025-10-23 20:08:47,105 - WARNING - [307/371] Skipped (invalid filename): 5_S7903_20250204_144500(+0700).wav
2025-10-23 20:08:47,105 - WARNING - [308/371] Skipped (invalid filename): 5_S7903_20250204_150000(+0700).wav
2025-10-23 20:08:47,105 - WARNING - [309/371] Skipped (invalid filename): 5_S7903_20250204_151500(+0700).wav
2025-10-23 20:08:47,105 - WARNING - [310/371] Skipped (invalid filename): 5_S7903_20250204_153000(+0700).wav
2025-10-23 20:08:47,105 - WARNING - [311/371] Skipped (invalid filename): 5_S7903_20250204_154500(+0700).wav
2025-10-23 20:08:47,105 - WARNING - [312/371] Skipped (invalid filename): 5_S7903_20250204_160000(+0700).wav
2025-10-23 20:08:47,105 - WARNING - [313/371] Skipped (invalid filename): 5_S7903_20250204_161500(+0700).wav
2025-10-23 20:08:47,105 - WARNING - [314/371] Skipped (invalid filename): 5_S7903_20250204_163000(+0700).wav
2025-10-23 20:08:47,105 - WARNING - [315/371] Skipped (invalid filename): 5_S7903_20250204_164500(+0700).wav
2025-10-23 20:08:47,105 - WARNING - [316/371] Skipped (invalid filename): 5_S7903_20250204_170000(+0700).wav
2025-10-23 20:08:47,105 - WARNING - [317/371] Skipped (invalid filename): 5_S7903_20250204_173000(+0700).wav
2025-10-23 20:08:47,105 - WARNING - [318/371] Skipped (invalid filename): 5_S7903_20250204_174500(+0700).wav
2025-10-23 20:08:47,106 - WARNING - [319/371] Skipped (invalid filename): 5_S7903_20250204_180000(+0700).wav
2025-10-23 20:08:47,106 - WARNING - [320/371] Skipped (invalid filename): 5_S7903_20250204_181500(+0700).wav
2025-10-23 20:08:47,106 - WARNING - [321/371] Skipped (invalid filename): 5_S7903_20250204_183000(+0700).wav
2025-10-23 20:08:47,106 - WARNING - [322/371] Skipped (invalid filename): 5_S7903_20250204_184500(+0700).wav
2025-10-23 20:08:47,106 - WARNING - [323/371] Skipped (invalid filename): 5_S7903_20250204_190000(+0700).wav
2025-10-23 20:08:47,106 - WARNING - [324/371] Skipped (invalid filename): 5_S7903_20250204_191500(+0700).wav
2025-10-23 20:08:47,106 - WARNING - [325/371] Skipped (invalid filename): 5_S7903_20250204_193000(+0700).wav
2025-10-23 20:08:47,106 - WARNING - [326/371] Skipped (invalid filename): 5_S7903_20250204_194500(+0700).wav
2025-10-23 20:08:47,106 - WARNING - [327/371] Skipped (invalid filename): 5_S7903_20250204_200000(+0700).wav
2025-10-23 20:08:47,106 - WARNING - [328/371] Skipped (invalid filename): 5_S7903_20250204_201500(+0700).wav
2025-10-23 20:08:47,106 - WARNING - [329/371] Skipped (invalid filename): 5_S7903_20250204_203000(+0700).wav
2025-10-23 20:08:47,106 - WARNING - [330/371] Skipped (invalid filename): 5_S7903_20250204_204500(+0700).wav
2025-10-23 20:08:47,106 - WARNING - [331/371] Skipped (invalid filename): 5_S7903_20250204_210000(+0700).wav
2025-10-23 20:08:47,106 - WARNING - [332/371] Skipped (invalid filename): 5_S7903_20250204_211500(+0700).wav
2025-10-23 20:08:47,106 - WARNING - [333/371] Skipped (invalid filename): 5_S7903_20250204_213000(+0700).wav
2025-10-23 20:08:47,106 - WARNING - [334/371] Skipped (invalid filename): 5_S7903_20250204_214500(+0700).wav
2025-10-23 20:08:47,106 - WARNING - [335/371] Skipped (invalid filename): 5_S7903_20250204_220000(+0700).wav
2025-10-23 20:08:47,106 - WARNING - [336/371] Skipped (invalid filename): 5_S7903_20250204_221500(+0700).wav
2025-10-23 20:08:47,106 - WARNING - [337/371] Skipped (invalid filename): 5_S7903_20250204_223000(+0700).wav
2025-10-23 20:08:47,106 - WARNING - [338/371] Skipped (invalid filename): 5_S7903_20250204_224500(+0700).wav
2025-10-23 20:08:47,106 - WARNING - [339/371] Skipped (invalid filename): 5_S7903_20250204_230000(+0700).wav
2025-10-23 20:08:47,106 - WARNING - [340/371] Skipped (invalid filename): 5_S7903_20250204_231500(+0700).wav
2025-10-23 20:08:47,106 - WARNING - [341/371] Skipped (invalid filename): 5_S7903_20250204_233000(+0700).wav
2025-10-23 20:08:47,106 - WARNING - [342/371] Skipped (invalid filename): 5_S7903_20250204_234500(+0700).wav
2025-10-23 20:08:47,106 - WARNING - [343/371] Skipped (invalid filename): 5_S7903_20250205_000000(+0700).wav
2025-10-23 20:08:47,106 - WARNING - [344/371] Skipped (invalid filename): 5_S7903_20250205_001500(+0700).wav
2025-10-23 20:08:47,106 - WARNING - [345/371] Skipped (invalid filename): 5_S7903_20250205_003000(+0700).wav
2025-10-23 20:08:47,107 - WARNING - [346/371] Skipped (invalid filename): 5_S7903_20250205_004500(+0700).wav
2025-10-23 20:08:47,107 - WARNING - [347/371] Skipped (invalid filename): 5_S7903_20250205_010000(+0700).wav
2025-10-23 20:08:47,107 - WARNING - [348/371] Skipped (invalid filename): 5_S7903_20250205_011500(+0700).wav
2025-10-23 20:08:47,107 - WARNING - [349/371] Skipped (invalid filename): 5_S7903_20250205_013000(+0700).wav
2025-10-23 20:08:47,107 - WARNING - [350/371] Skipped (invalid filename): 5_S7903_20250205_014500(+0700).wav
2025-10-23 20:08:47,107 - WARNING - [351/371] Skipped (invalid filename): 5_S7903_20250205_020000(+0700).wav
2025-10-23 20:08:47,107 - WARNING - [352/371] Skipped (invalid filename): 5_S7903_20250205_021500(+0700).wav
2025-10-23 20:08:47,107 - WARNING - [353/371] Skipped (invalid filename): 5_S7903_20250205_023000(+0700).wav
2025-10-23 20:08:47,107 - WARNING - [354/371] Skipped (invalid filename): 5_S7903_20250205_024500(+0700).wav
2025-10-23 20:08:47,107 - WARNING - [355/371] Skipped (invalid filename): 5_S7903_20250205_030000(+0700).wav
2025-10-23 20:08:47,107 - WARNING - [356/371] Skipped (invalid filename): 5_S7903_20250205_031500(+0700).wav
2025-10-23 20:08:47,107 - WARNING - [357/371] Skipped (invalid filename): 5_S7903_20250205_033000(+0700).wav
2025-10-23 20:08:47,107 - WARNING - [358/371] Skipped (invalid filename): 5_S7903_20250205_034500(+0700).wav
2025-10-23 20:08:47,107 - WARNING - [359/371] Skipped (invalid filename): 5_S7903_20250205_040000(+0700).wav
2025-10-23 20:08:47,107 - WARNING - [360/371] Skipped (invalid filename): 5_S7903_20250205_041500(+0700).wav
2025-10-23 20:08:47,107 - WARNING - [361/371] Skipped (invalid filename): 5_S7903_20250205_043000(+0700).wav
2025-10-23 20:08:47,107 - WARNING - [362/371] Skipped (invalid filename): 5_S7903_20250205_044500(+0700).wav
2025-10-23 20:08:47,107 - WARNING - [363/371] Skipped (invalid filename): 5_S7903_20250205_050000(+0700).wav
2025-10-23 20:08:47,107 - WARNING - [364/371] Skipped (invalid filename): 5_S7903_20250205_051500(+0700).wav
2025-10-23 20:08:47,107 - WARNING - [365/371] Skipped (invalid filename): 5_S7903_20250205_053000(+0700).wav
2025-10-23 20:08:47,107 - WARNING - [366/371] Skipped (invalid filename): 5_S7903_20250205_054500(+0700).wav
2025-10-23 20:08:47,107 - WARNING - [367/371] Skipped (invalid filename): 5_S7903_20250205_060000(+0700).wav
2025-10-23 20:08:47,107 - WARNING - [368/371] Skipped (invalid filename): 5_S7903_20250205_061500(+0700).wav
2025-10-23 20:08:47,107 - WARNING - [369/371] Skipped (invalid filename): 5_S7903_20250205_063000(+0700).wav
2025-10-23 20:08:47,107 - WARNING - [370/371] Skipped (invalid filename): 5_S7903_20250205_064500(+0700).wav
2025-10-23 20:08:47,107 - WARNING - [371/371] Skipped (invalid filename): 5_S7903_20250205_070000(+0700).wav
2025-10-23 20:08:47,107 - INFO - ======================================================================
2025-10-23 20:08:47,108 - INFO - Processing complete
2025-10-23 20:08:47,108 - INFO - Total files found: 371
2025-10-23 20:08:47,108 - INFO - Successfully processed: 278
2025-10-23 20:08:47,108 - INFO - Skipped/failed: 93
2025-10-23 20:08:47,108 - INFO - Total detections: 4760
2025-10-23 20:08:47,119 - INFO - Adding derived columns...
2025-10-23 20:08:47,162 - INFO - Saving final results to detections_master.csv...
2025-10-23 20:08:47,328 - INFO - ======================================================================
2025-10-23 20:08:47,328 - INFO - SUMMARY STATISTICS
2025-10-23 20:08:47,329 - INFO - Total detections: 4,760
2025-10-23 20:08:47,330 - INFO - Unique species: 54
2025-10-23 20:08:47,331 - INFO - Date range: 2025-02-04 to 2025-02-05
2025-10-23 20:08:47,331 - INFO - Hour range: 0:00 to 23:00
2025-10-23 20:08:47,331 - INFO - Mean confidence: 0.577
2025-10-23 20:08:47,331 - INFO - 
2025-10-23 20:08:47,331 - INFO - Top 10 species:
2025-10-23 20:08:47,333 - INFO -   Black-crowned Night-Heron: 3783
2025-10-23 20:08:47,333 - INFO -   Cattle Egret: 557
2025-10-23 20:08:47,333 - INFO -   Eurasian Tree Sparrow: 64
2025-10-23 20:08:47,333 - INFO -   Little Egret: 45
2025-10-23 20:08:47,333 - INFO -   White-breasted Waterhen: 43
2025-10-23 20:08:47,333 - INFO -   Common Greenshank: 29
2025-10-23 20:08:47,333 - INFO -   Great Cormorant: 19
2025-10-23 20:08:47,333 - INFO -   Great Egret: 18
2025-10-23 20:08:47,333 - INFO -   Asian Openbill: 18
2025-10-23 20:08:47,333 - INFO -   Gray Heron: 18
2025-10-23 20:08:47,333 - INFO - ======================================================================
2025-10-23 20:08:47,333 - INFO - Results saved to: detections_master.csv
2025-10-23 20:08:47,333 - INFO - Log saved to: processing.log
